<?xml version="1.0" encoding="UTF-8"?>
<!-- Generated by org.testng.reporters.JUnitReportReporter -->
<testsuite hostname="DESKTOP-DC3TDDU" failures="0" tests="1" name="Day_021_Java_Script_Executer.TC03_Scroll_by_pixel" time="39.517" errors="0" timestamp="2021-10-01T10:14:07 IST" skipped="0">
  <testcase classname="Day_021_Java_Script_Executer.TC03_Scroll_by_pixel" name="ByPixel" time="39.517"/>
  <system-out/>
</testsuite> <!-- Day_021_Java_Script_Executer.TC03_Scroll_by_pixel -->
