<?xml version="1.0" encoding="UTF-8"?>
<!-- Generated by org.testng.reporters.JUnitReportReporter -->
<testsuite hostname="DESKTOP-DC3TDDU" failures="0" tests="1" name="Day_002_Java.TC04_Login_NonStatic" time="18.818" errors="0" timestamp="2021-09-23T10:30:49 IST" skipped="0">
  <testcase classname="Day_002_Java.TC04_Login_NonStatic" name="Login_Test" time="18.818"/>
  <system-out/>
</testsuite> <!-- Day_002_Java.TC04_Login_NonStatic -->
