<?xml version="1.0" encoding="UTF-8"?>
<!-- Generated by org.testng.reporters.JUnitReportReporter -->
<testsuite hostname="DESKTOP-DC3TDDU" failures="0" tests="1" name="A14_Demo.TC01_Add_Jobs_Methods_Parameter" time="15.589" errors="0" timestamp="2021-11-03T09:25:22 IST" skipped="0">
  <testcase classname="A14_Demo.TC01_Add_Jobs_Methods_Parameter" name="JobsTest" time="15.589"/>
  <system-out/>
</testsuite> <!-- A14_Demo.TC01_Add_Jobs_Methods_Parameter -->
