<?xml version="1.0" encoding="UTF-8"?>
<!-- Generated by org.testng.reporters.JUnitReportReporter -->
<testsuite hostname="DESKTOP-DC3TDDU" failures="0" tests="1" name="Day_017_Multiple_Suites.TestNGMainClass6" time="1.348" errors="0" timestamp="2021-09-30T08:53:29 IST" skipped="0">
  <testcase classname="Day_017_Multiple_Suites.TestNGMainClass6" name="TCMAIN" time="1.348"/>
  <system-out/>
</testsuite> <!-- Day_017_Multiple_Suites.TestNGMainClass6 -->
