<?xml version="1.0" encoding="UTF-8"?>
<!-- Generated by org.testng.reporters.JUnitReportReporter -->
<testsuite hostname="DESKTOP-DC3TDDU" failures="0" tests="1" name="DAY045_CSS_Selectors.TC04_Sub_string" time="32.619" errors="0" timestamp="2021-10-14T10:29:48 IST" skipped="0">
  <testcase classname="DAY045_CSS_Selectors.TC04_Sub_string" name="Test2" time="32.619"/>
  <system-out/>
</testsuite> <!-- DAY045_CSS_Selectors.TC04_Sub_string -->
