<?xml version="1.0" encoding="UTF-8"?>
<!-- Generated by org.testng.reporters.JUnitReportReporter -->
<testsuite hostname="DESKTOP-DC3TDDU" failures="0" tests="1" name="Day_025_ExcelUtil_Apache_POI.TC06_Excel_Test_xlsx" time="43.912" errors="0" timestamp="2021-10-06T09:37:30 IST" skipped="0">
  <testcase classname="Day_025_ExcelUtil_Apache_POI.TC06_Excel_Test_xlsx" name="hello" time="43.912"/>
  <system-out/>
</testsuite> <!-- Day_025_ExcelUtil_Apache_POI.TC06_Excel_Test_xlsx -->
