<?xml version="1.0" encoding="UTF-8"?>
<!-- Generated by org.testng.reporters.JUnitReportReporter -->
<testsuite hostname="Sai" failures="0" tests="1" name="A11_Demo.TC01_Login" time="10.639" errors="0" timestamp="2021-11-26T21:55:54 IST" skipped="0">
  <testcase classname="A11_Demo.TC01_Login" name="LoginTest" time="10.639"/>
  <system-out/>
</testsuite> <!-- A11_Demo.TC01_Login -->
