<?xml version="1.0" encoding="UTF-8"?>
<!-- Generated by org.testng.reporters.JUnitReportReporter -->
<testsuite hostname="DESKTOP-DC3TDDU" failures="0" tests="1" name="Day_015_ParallelTests.Yahoo" time="9.730" errors="0" timestamp="2021-09-28T10:40:55 IST" skipped="0">
  <testcase classname="Day_015_ParallelTests.Yahoo" name="Yahoo_Login" time="9.730"/>
  <system-out/>
</testsuite> <!-- Day_015_ParallelTests.Yahoo -->
