<?xml version="1.0" encoding="UTF-8"?>
<!-- Generated by org.testng.reporters.JUnitReportReporter -->
<testsuite hostname="DESKTOP-DC3TDDU" failures="0" tests="1" name="Day_012_TestNG_Parameters.TestNG_Parameters4Test" time="14.216" errors="0" timestamp="2021-09-28T10:03:16 IST" skipped="0">
  <testcase classname="Day_012_TestNG_Parameters.TestNG_Parameters4Test" name="OpenChromeBrowser" time="14.216"/>
  <system-out/>
</testsuite> <!-- Day_012_TestNG_Parameters.TestNG_Parameters4Test -->
