<?xml version="1.0" encoding="UTF-8"?>
<!-- Generated by org.testng.reporters.JUnitReportReporter -->
<testsuite hostname="DESKTOP-DC3TDDU" failures="0" tests="1" name="Day_020_Multiple_Windows.TC01_Open_Three_Tabs" time="52.216" errors="0" timestamp="2021-10-01T09:51:14 IST" skipped="0">
  <testcase classname="Day_020_Multiple_Windows.TC01_Open_Three_Tabs" name="Login_Test" time="52.216"/>
  <system-out/>
</testsuite> <!-- Day_020_Multiple_Windows.TC01_Open_Three_Tabs -->
