<?xml version="1.0" encoding="UTF-8"?>
<!-- Generated by org.testng.reporters.JUnitReportReporter -->
<testsuite hostname="DESKTOP-DC3TDDU" failures="0" tests="2" name="Day_41_Method_OverLoading.TC01_Test" time="97.479" errors="0" timestamp="2021-10-14T10:08:40 IST" skipped="0">
  <testcase classname="Day_41_Method_OverLoading.TC01_Test" name="Test1" time="42.484"/>
  <system-out/>
  <testcase classname="Day_41_Method_OverLoading.TC01_Test" name="Test1" time="54.995"/>
  <system-out/>
</testsuite> <!-- Day_41_Method_OverLoading.TC01_Test -->
