<?xml version="1.0" encoding="UTF-8"?>
<!-- Generated by org.testng.reporters.JUnitReportReporter -->
<testsuite hostname="DESKTOP-DC3TDDU" failures="0" tests="1" name="Day_024_Advanced_Xpaths.TC013_Descendant" time="5.953" errors="0" timestamp="2021-10-09T09:09:39 IST" skipped="0">
  <testcase classname="Day_024_Advanced_Xpaths.TC013_Descendant" name="Test1" time="5.953"/>
  <system-out/>
</testsuite> <!-- Day_024_Advanced_Xpaths.TC013_Descendant -->
