<?xml version="1.0" encoding="UTF-8"?>
<!-- Generated by org.testng.reporters.JUnitReportReporter -->
<testsuite hostname="DESKTOP-DC3TDDU" failures="0" tests="1" name="Day_019_Frames.Switch_By_FrameName" time="9.876" errors="0" timestamp="2021-10-01T09:30:26 IST" skipped="0">
  <testcase classname="Day_019_Frames.Switch_By_FrameName" name="Login_Test" time="9.876"/>
  <system-out/>
</testsuite> <!-- Day_019_Frames.Switch_By_FrameName -->
