<?xml version="1.0" encoding="UTF-8"?>
<!-- Generated by org.testng.reporters.JUnitReportReporter -->
<testsuite hostname="DESKTOP-DC3TDDU" failures="0" tests="1" name="Day_024_Advanced_Xpaths.TC006_Following" time="9.949" errors="0" timestamp="2021-10-08T11:20:05 IST" skipped="0">
  <testcase classname="Day_024_Advanced_Xpaths.TC006_Following" name="Test1" time="9.949"/>
  <system-out/>
</testsuite> <!-- Day_024_Advanced_Xpaths.TC006_Following -->
