<?xml version="1.0" encoding="UTF-8"?>
<!-- Generated by org.testng.reporters.JUnitReportReporter -->
<testsuite hostname="DESKTOP-DC3TDDU" failures="0" tests="1" name="Day_027_Alerts.DemoWebAlert" time="12.558" errors="0" timestamp="2021-10-11T11:49:59 IST" skipped="0">
  <testcase classname="Day_027_Alerts.DemoWebAlert" name="Test6" time="12.558"/>
  <system-out/>
</testsuite> <!-- Day_027_Alerts.DemoWebAlert -->
