<?xml version="1.0" encoding="UTF-8"?>
<!-- Generated by org.testng.reporters.JUnitReportReporter -->
<testsuite hostname="DESKTOP-DC3TDDU" failures="0" tests="1" name="Day_001_Demo.TC08_FireFox_Test" time="19.827" errors="0" timestamp="2021-09-24T09:43:40 IST" skipped="0">
  <testcase classname="Day_001_Demo.TC08_FireFox_Test" name="Login_Test" time="19.827"/>
  <system-out/>
</testsuite> <!-- Day_001_Demo.TC08_FireFox_Test -->
