<?xml version="1.0" encoding="UTF-8"?>
<!-- Generated by org.testng.reporters.JUnitReportReporter -->
<testsuite hostname="DESKTOP-DC3TDDU" failures="0" tests="1" name="AAA_Day1.Test2_Login" time="9.788" errors="0" timestamp="2021-09-16T09:50:10 IST" skipped="0">
  <testcase classname="AAA_Day1.Test2_Login" name="LoginTest" time="9.788"/>
  <system-out/>
</testsuite> <!-- AAA_Day1.Test2_Login -->
