<?xml version="1.0" encoding="UTF-8"?>
<!-- Generated by org.testng.reporters.JUnitReportReporter -->
<testsuite hostname="DESKTOP-DC3TDDU" failures="0" tests="1" name="ABC_Demo5.TC01_Login_Static" time="20.606" errors="0" timestamp="2021-09-22T10:58:11 IST" skipped="0">
  <testcase classname="ABC_Demo5.TC01_Login_Static" name="loginTest" time="20.606"/>
  <system-out/>
</testsuite> <!-- ABC_Demo5.TC01_Login_Static -->
