<?xml version="1.0" encoding="UTF-8"?>
<!-- Generated by org.testng.reporters.JUnitReportReporter -->
<testsuite hostname="DESKTOP-DC3TDDU" failures="0" tests="1" name="Day_024_Advanced_Xpaths.TC009_Preceding" time="6.497" errors="0" timestamp="2021-10-08T12:19:19 IST" skipped="0">
  <testcase classname="Day_024_Advanced_Xpaths.TC009_Preceding" name="Test1" time="6.497"/>
  <system-out/>
</testsuite> <!-- Day_024_Advanced_Xpaths.TC009_Preceding -->
