<?xml version="1.0" encoding="UTF-8"?>
<!-- Generated by org.testng.reporters.JUnitReportReporter -->
<testsuite hostname="DESKTOP-DC3TDDU" failures="0" tests="1" name="Day_001_Demo.TC01_Login" time="34.790" errors="0" timestamp="2021-10-13T10:53:44 IST" skipped="0">
  <testcase classname="Day_001_Demo.TC01_Login" name="login_test" time="34.790"/>
  <system-out/>
</testsuite> <!-- Day_001_Demo.TC01_Login -->
