<?xml version="1.0" encoding="UTF-8"?>
<!-- Generated by org.testng.reporters.JUnitReportReporter -->
<testsuite hostname="DESKTOP-DC3TDDU" failures="0" tests="1" name="Day_003_Locators.TC07_className" time="12.609" errors="0" timestamp="2021-09-22T10:06:53 IST" skipped="0">
  <testcase classname="Day_003_Locators.TC07_className" name="Test2" time="12.609"/>
  <system-out/>
</testsuite> <!-- Day_003_Locators.TC07_className -->
