<?xml version="1.0" encoding="UTF-8"?>
<!-- Generated by org.testng.reporters.JUnitReportReporter -->
<testsuite hostname="DESKTOP-DC3TDDU" failures="0" tests="1" name="Day_016_ParallelClasses.TC02_Add_Jobs" time="34.629" errors="0" timestamp="2021-09-30T09:18:02 IST" skipped="0">
  <testcase classname="Day_016_ParallelClasses.TC02_Add_Jobs" name="Open_OrangeHRM" time="34.629"/>
  <system-out/>
</testsuite> <!-- Day_016_ParallelClasses.TC02_Add_Jobs -->
