<?xml version="1.0" encoding="UTF-8"?>
<!-- Generated by org.testng.reporters.JUnitReportReporter -->
<testsuite hostname="DESKTOP-DC3TDDU" failures="0" tests="1" name="Day_004_Dropdown.Listbox2" time="40.435" errors="0" timestamp="2021-10-13T12:12:05 IST" skipped="0">
  <testcase classname="Day_004_Dropdown.Listbox2" name="Test1" time="40.435"/>
  <system-out/>
</testsuite> <!-- Day_004_Dropdown.Listbox2 -->
