<?xml version="1.0" encoding="UTF-8"?>
<!-- Generated by org.testng.reporters.JUnitReportReporter -->
<testsuite hostname="DESKTOP-DC3TDDU" failures="0" tests="3" name="August_13_DataProvider.TC01_Skills_Excel" time="40.561" errors="0" timestamp="2021-10-13T16:47:42 IST" skipped="0">
  <testcase classname="August_13_DataProvider.TC01_Skills_Excel" name="loginTest" time="13.453"/>
  <system-out/>
  <testcase classname="August_13_DataProvider.TC01_Skills_Excel" name="loginTest" time="13.058"/>
  <system-out/>
  <testcase classname="August_13_DataProvider.TC01_Skills_Excel" name="loginTest" time="14.050"/>
  <system-out/>
</testsuite> <!-- August_13_DataProvider.TC01_Skills_Excel -->
