<?xml version="1.0" encoding="UTF-8"?>
<!-- Generated by org.testng.reporters.JUnitReportReporter -->
<testsuite hostname="DESKTOP-DC3TDDU" failures="0" tests="1" name="A11_Demo.TC02_Multi" time="0.009" errors="0" timestamp="2021-10-29T09:22:56 IST" skipped="0">
  <testcase classname="A11_Demo.TC02_Multi" name="Multiplication" time="0.009"/>
  <system-out/>
</testsuite> <!-- A11_Demo.TC02_Multi -->
