<?xml version="1.0" encoding="UTF-8"?>
<!-- Generated by org.testng.reporters.JUnitReportReporter -->
<testsuite hostname="DESKTOP-DC3TDDU" failures="0" tests="3" name="ABC_Demo5.TC01_Login_Static_DataProvider2" time="92.050" errors="0" timestamp="2021-10-13T15:30:49 IST" skipped="0">
  <testcase classname="ABC_Demo5.TC01_Login_Static_DataProvider2" name="loginTest" time="18.380"/>
  <system-out/>
  <testcase classname="ABC_Demo5.TC01_Login_Static_DataProvider2" name="loginTest" time="37.321"/>
  <system-out/>
  <testcase classname="ABC_Demo5.TC01_Login_Static_DataProvider2" name="loginTest" time="36.349"/>
  <system-out/>
</testsuite> <!-- ABC_Demo5.TC01_Login_Static_DataProvider2 -->
