<?xml version="1.0" encoding="UTF-8"?>
<!-- Generated by org.testng.reporters.JUnitReportReporter -->
<testsuite hostname="DESKTOP-DC3TDDU" failures="0" tests="1" name="Day_033_TestNG_Annotations.AllTests" time="0.007" errors="0" timestamp="2021-10-11T10:27:35 IST" skipped="0">
  <testcase classname="Day_033_TestNG_Annotations.AllTests" name="Test4" time="0.007"/>
  <system-out/>
</testsuite> <!-- Day_033_TestNG_Annotations.AllTests -->
