<?xml version="1.0" encoding="UTF-8"?>
<!-- Generated by org.testng.reporters.JUnitReportReporter -->
<testsuite hostname="DESKTOP-DC3TDDU" failures="0" tests="1" name="Day_030_Page_Factory.TC01_Add_Nationalities" time="9.537" errors="0" timestamp="2021-10-05T09:36:01 IST" skipped="0">
  <testcase classname="Day_030_Page_Factory.TC01_Add_Nationalities" name="Book_OneWay_Flight" time="9.537"/>
  <system-out/>
</testsuite> <!-- Day_030_Page_Factory.TC01_Add_Nationalities -->
