<?xml version="1.0" encoding="UTF-8"?>
<!-- Generated by org.testng.reporters.JUnitReportReporter -->
<testsuite hostname="DESKTOP-DC3TDDU" failures="0" tests="1" name="Day_003_Locators.TC04_linkText" time="19.199" errors="0" timestamp="2021-09-22T09:56:27 IST" skipped="0">
  <testcase classname="Day_003_Locators.TC04_linkText" name="testTC02" time="19.199"/>
  <system-out/>
</testsuite> <!-- Day_003_Locators.TC04_linkText -->
