<?xml version="1.0" encoding="UTF-8"?>
<!-- Generated by org.testng.reporters.JUnitReportReporter -->
<testsuite hostname="DESKTOP-DC3TDDU" failures="0" tests="4" name="ABC_Demo5.TC01_Login_Static_DataProvider1" time="56.797" errors="0" timestamp="2021-09-23T09:48:31 IST" skipped="0">
  <testcase classname="ABC_Demo5.TC01_Login_Static_DataProvider1" name="loginTest" time="15.384"/>
  <system-out/>
  <testcase classname="ABC_Demo5.TC01_Login_Static_DataProvider1" name="loginTest" time="13.829"/>
  <system-out/>
  <testcase classname="ABC_Demo5.TC01_Login_Static_DataProvider1" name="loginTest" time="13.409"/>
  <system-out/>
  <testcase classname="ABC_Demo5.TC01_Login_Static_DataProvider1" name="loginTest" time="14.175"/>
  <system-out/>
</testsuite> <!-- ABC_Demo5.TC01_Login_Static_DataProvider1 -->
