<?xml version="1.0" encoding="UTF-8"?>
<!-- Generated by org.testng.reporters.JUnitReportReporter -->
<testsuite hostname="DESKTOP-DC3TDDU" failures="0" tests="1" name="Day_022_Action_class.TC02_Double_Click" time="11.535" errors="0" timestamp="2021-10-04T09:20:16 IST" skipped="0">
  <testcase classname="Day_022_Action_class.TC02_Double_Click" name="Login_Test" time="11.535"/>
  <system-out/>
</testsuite> <!-- Day_022_Action_class.TC02_Double_Click -->
