<?xml version="1.0" encoding="UTF-8"?>
<!-- Generated by org.testng.reporters.JUnitReportReporter -->
<testsuite hostname="DESKTOP-DC3TDDU" failures="0" tests="1" name="Day044_Return_Values.TC003_Return_Set" time="0.007" errors="0" timestamp="2021-10-14T09:54:15 IST" skipped="0">
  <testcase classname="Day044_Return_Values.TC003_Return_Set" name="Test1" time="0.007"/>
  <system-out/>
</testsuite> <!-- Day044_Return_Values.TC003_Return_Set -->
