<?xml version="1.0" encoding="UTF-8"?>
<!-- Generated by org.testng.reporters.JUnitReportReporter -->
<testsuite hostname="DESKTOP-DC3TDDU" failures="0" tests="1" name="A13_Demo.Test_Add_nationality" time="18.686" errors="0" timestamp="2021-10-30T09:38:02 IST" skipped="0">
  <testcase classname="A13_Demo.Test_Add_nationality" name="NationalityTest" time="18.686"/>
  <system-out/>
</testsuite> <!-- A13_Demo.Test_Add_nationality -->
