<?xml version="1.0" encoding="UTF-8"?>
<!-- Generated by org.testng.reporters.JUnitReportReporter -->
<testsuite hostname="DESKTOP-DC3TDDU" failures="0" tests="3" name="ABC_Demo5.TC01_Login_Static_DataProvider3" time="104.403" errors="0" timestamp="2021-09-24T09:26:14 IST" skipped="0">
  <testcase classname="ABC_Demo5.TC01_Login_Static_DataProvider3" name="loginTest" time="35.403"/>
  <system-out/>
  <testcase classname="ABC_Demo5.TC01_Login_Static_DataProvider3" name="loginTest" time="34.697"/>
  <system-out/>
  <testcase classname="ABC_Demo5.TC01_Login_Static_DataProvider3" name="loginTest" time="34.303"/>
  <system-out/>
</testsuite> <!-- ABC_Demo5.TC01_Login_Static_DataProvider3 -->
