<?xml version="1.0" encoding="UTF-8"?>
<!-- Generated by org.testng.reporters.JUnitReportReporter -->
<testsuite hostname="DESKTOP-DC3TDDU" failures="0" tests="1" name="Day_018_Waits.TC01_Explicit_Wait" time="15.268" errors="0" timestamp="2021-09-29T09:41:59 IST" skipped="0">
  <testcase classname="Day_018_Waits.TC01_Explicit_Wait" name="Login_Test" time="15.268"/>
  <system-out>
    <![CDATA[<table> <tr >  <img   style="border:1px solid black;"      src="C:\HTML Report\HtmlTemplates\Logo.JPEG"></tr><tr   ><center><font color="red"  size="15" >TC01_Login</font></center></tr><tr bgcolor="#9370DB"> <th width="100px"> <center><font color="white"  size="4" >Steps</font></center><font color="white"  size="4" ></font></center> </th> <th width="450px" ><center><font color="white"  size="4" >Details </font> </center></th> <th width="100px" ><center><font color="white"  size="4" >Status</font></center></th>  <th  width="250px"  ><center><font color="white"  size="4" >Screen Shots</font></center></th> <th width="250px"  ><center><font color="white"  size="4" >Date & Time</font></center></th>  </tr>       
 <tr bgcolor="#eee"> <th width="100px"> <center>Step&nbsp;1</center> </th> <th width="450px" ><center><b><font color='black'>   Opened Orange HRM</b> </font></center></th> <th width="100px" ><center><img src='file:///C:\HTML Report\HtmlTemplates\passed.ico'    +     "width="30" + height="30"></img></center></th>  <th  width="250px"  ><center><a href=C:/HTML Report/test-output/TempScreenShots/TC01_Login_2021_Sep_29_9_41_45_998_am/29_Sep_2021 9_41_50_526 am.png target="popup" onclick="window.open('C:/HTML Report/test-output/TempScreenShots/TC01_Login_2021_Sep_29_9_41_45_998_am/29_Sep_2021 9_41_50_526 am.png','popup','width=600,height=600'); return false;"> ScreenShot</a> </center></th> <th width="250px"  ><center>2021_Sep_29_9_41_51_597_am</center></th>  </tr>      
 <tr bgcolor="#ddd"> <th width="100px"> <center>Step&nbsp;2</center> </th> <th width="450px" ><center><b><font color='black'>   Username Entered</b> </font></center></th> <th width="100px" ><center><img src='file:///C:\HTML Report\HtmlTemplates\passed.ico'    +     "width="30" + height="30"></img></center></th>  <th  width="250px"  ><center><a href=C:/HTML Report/test-output/TempScreenShots/TC01_Login_2021_Sep_29_9_41_45_998_am/29_Sep_2021 9_41_51_687 am.png target="popup" onclick="window.open('C:/HTML Report/test-output/TempScreenShots/TC01_Login_2021_Sep_29_9_41_45_998_am/29_Sep_2021 9_41_51_687 am.png','popup','width=600,height=600'); return false;"> ScreenShot</a> </center></th> <th width="250px"  ><center>2021_Sep_29_9_41_51_917_am</center></th>  </tr>      
 <tr bgcolor="#eee"> <th width="100px"> <center>Step&nbsp;3</center> </th> <th width="450px" ><center><b><font color='black'>   Password Entered</b> </font></center></th> <th width="100px" ><center><img src='file:///C:\HTML Report\HtmlTemplates\passed.ico'    +     "width="30" + height="30"></img></center></th>  <th  width="250px"  ><center><a href=C:/HTML Report/test-output/TempScreenShots/TC01_Login_2021_Sep_29_9_41_45_998_am/29_Sep_2021 9_41_51_996 am.png target="popup" onclick="window.open('C:/HTML Report/test-output/TempScreenShots/TC01_Login_2021_Sep_29_9_41_45_998_am/29_Sep_2021 9_41_51_996 am.png','popup','width=600,height=600'); return false;"> ScreenShot</a> </center></th> <th width="250px"  ><center>2021_Sep_29_9_41_52_340_am</center></th>  </tr>      
 <tr bgcolor="#ddd"> <th width="100px"> <center>Step&nbsp;4</center> </th> <th width="450px" ><center><b><font color='black'>   Clicked on Submit</b> </font></center></th> <th width="100px" ><center><img src='file:///C:\HTML Report\HtmlTemplates\passed.ico'    +     "width="30" + height="30"></img></center></th>  <th  width="250px"  ><center><a href=C:/HTML Report/test-output/TempScreenShots/TC01_Login_2021_Sep_29_9_41_45_998_am/29_Sep_2021 9_41_55_306 am.png target="popup" onclick="window.open('C:/HTML Report/test-output/TempScreenShots/TC01_Login_2021_Sep_29_9_41_45_998_am/29_Sep_2021 9_41_55_306 am.png','popup','width=600,height=600'); return false;"> ScreenShot</a> </center></th> <th width="250px"  ><center>2021_Sep_29_9_41_56_889_am</center></th>  </tr>      ]]>
  </system-out>
</testsuite> <!-- Day_018_Waits.TC01_Explicit_Wait -->
