<?xml version="1.0" encoding="UTF-8"?>
<!-- Generated by org.testng.reporters.JUnitReportReporter -->
<testsuite hostname="DESKTOP-DC3TDDU" failures="0" tests="1" name="OrangeHRM12.NewTest" time="15.124" errors="0" timestamp="2021-09-22T10:51:14 IST" skipped="0">
  <testcase classname="OrangeHRM12.NewTest" name="Login" time="15.124"/>
  <system-out/>
</testsuite> <!-- OrangeHRM12.NewTest -->
