<?xml version="1.0" encoding="UTF-8"?>
<!-- Generated by org.testng.reporters.JUnitReportReporter -->
<testsuite hostname="DESKTOP-DC3TDDU" failures="0" tests="1" name="Day_017_Multiple_Suites.Bhavasri" time="14.925" errors="0" timestamp="2021-09-30T09:36:31 IST" skipped="0">
  <testcase classname="Day_017_Multiple_Suites.Bhavasri" name="Login_Test" time="14.925"/>
  <system-out/>
</testsuite> <!-- Day_017_Multiple_Suites.Bhavasri -->
