<?xml version="1.0" encoding="UTF-8"?>
<!-- Generated by org.testng.reporters.JUnitReportReporter -->
<testsuite hostname="DESKTOP-DC3TDDU" failures="0" tests="2" name="ABC_Demo5.TC01_Login_Static_DataProvider4" time="70.494" errors="0" timestamp="2021-09-24T09:40:46 IST" skipped="0">
  <testcase classname="ABC_Demo5.TC01_Login_Static_DataProvider4" name="loginTest" time="34.863"/>
  <system-out/>
  <testcase classname="ABC_Demo5.TC01_Login_Static_DataProvider4" name="loginTest" time="35.631"/>
  <system-out/>
</testsuite> <!-- ABC_Demo5.TC01_Login_Static_DataProvider4 -->
