<?xml version="1.0" encoding="UTF-8"?>
<!-- Generated by org.testng.reporters.JUnitReportReporter -->
<testsuite hostname="DESKTOP-DC3TDDU" failures="0" tests="1" name="Day_35_Execute_Failed_TestCases.OrangeHRMTest" time="9.683" errors="0" timestamp="2021-10-12T09:22:42 IST" skipped="0">
  <testcase classname="Day_35_Execute_Failed_TestCases.OrangeHRMTest" name="Open_OrangeHRM" time="9.683"/>
  <system-out/>
</testsuite> <!-- Day_35_Execute_Failed_TestCases.OrangeHRMTest -->
