<?xml version="1.0" encoding="UTF-8"?>
<!-- Generated by org.testng.reporters.JUnitReportReporter -->
<testsuite hostname="DESKTOP-DC3TDDU" failures="0" tests="1" name="Day_015_ParallelTests.OrangeHRMTest" time="8.968" errors="0" timestamp="2021-09-30T11:44:41 IST" skipped="0">
  <testcase classname="Day_015_ParallelTests.OrangeHRMTest" name="Open_OrangeHRM" time="8.968"/>
  <system-out/>
</testsuite> <!-- Day_015_ParallelTests.OrangeHRMTest -->
