<?xml version="1.0" encoding="UTF-8"?>
<!-- Generated by org.testng.reporters.JUnitReportReporter -->
<testsuite hostname="DESKTOP-DC3TDDU" failures="0" tests="1" name="A14_Demo.TC01_Add_Jobs_Methods" time="16.220" errors="0" timestamp="2021-11-02T09:39:45 IST" skipped="0">
  <testcase classname="A14_Demo.TC01_Add_Jobs_Methods" name="JobsTest" time="16.220"/>
  <system-out/>
</testsuite> <!-- A14_Demo.TC01_Add_Jobs_Methods -->
