<?xml version="1.0" encoding="UTF-8"?>
<!-- Generated by org.testng.reporters.JUnitReportReporter -->
<testsuite hostname="DESKTOP-DC3TDDU" failures="0" tests="1" name="Day_003_Locators.TC02_name" time="11.978" errors="0" timestamp="2021-09-22T09:38:54 IST" skipped="0">
  <testcase classname="Day_003_Locators.TC02_name" name="Test2" time="11.978"/>
  <system-out/>
</testsuite> <!-- Day_003_Locators.TC02_name -->
