<?xml version="1.0" encoding="UTF-8"?>
<!-- Generated by org.testng.reporters.JUnitReportReporter -->
<testsuite hostname="DESKTOP-DC3TDDU" failures="0" tests="1" name="Day044_Return_Values.TC002_Return_Multiple_Values" time="0.020" errors="0" timestamp="2021-10-14T09:54:00 IST" skipped="0">
  <testcase classname="Day044_Return_Values.TC002_Return_Multiple_Values" name="Test1" time="0.020"/>
  <system-out/>
</testsuite> <!-- Day044_Return_Values.TC002_Return_Multiple_Values -->
