<?xml version="1.0" encoding="UTF-8"?>
<!-- Generated by org.testng.reporters.JUnitReportReporter -->
<testsuite hostname="Sai" failures="0" tests="1" name="Day_026_TakeScreenShot.Test4" time="16.731" errors="0" timestamp="2021-11-27T09:13:02 IST" skipped="0">
  <testcase classname="Day_026_TakeScreenShot.Test4" name="AddNationalitiess" time="16.731"/>
  <system-out/>
</testsuite> <!-- Day_026_TakeScreenShot.Test4 -->
