<?xml version="1.0" encoding="UTF-8"?>
<!-- Generated by org.testng.reporters.JUnitReportReporter -->
<testsuite hostname="DESKTOP-DC3TDDU" failures="0" tests="1" name="Day044_Return_Values.TC001_Return_Single_Value" time="178.225" errors="0" timestamp="2021-10-21T09:24:52 IST" skipped="0">
  <testcase classname="Day044_Return_Values.TC001_Return_Single_Value" name="Test5" time="178.225"/>
  <system-out/>
</testsuite> <!-- Day044_Return_Values.TC001_Return_Single_Value -->
