<?xml version="1.0" encoding="UTF-8"?>
<!-- Generated by org.testng.reporters.JUnitReportReporter -->
<testsuite hostname="DESKTOP-DC3TDDU" failures="0" tests="1" name="A1_Day01.NewTest" time="10.078" errors="0" timestamp="2021-09-21T10:33:47 IST" skipped="0">
  <testcase classname="A1_Day01.NewTest" name="OpenChromeBrowser" time="10.078"/>
  <system-out/>
</testsuite> <!-- A1_Day01.NewTest -->
