<?xml version="1.0" encoding="UTF-8"?>
<!-- Generated by org.testng.reporters.JUnitReportReporter -->
<testsuite hostname="DESKTOP-DC3TDDU" failures="0" tests="1" name="A14_Demo.TC01_Add_Skills_Methods_Static" time="14.875" errors="0" timestamp="2021-11-03T09:41:06 IST" skipped="0">
  <testcase classname="A14_Demo.TC01_Add_Skills_Methods_Static" name="SkillsTest" time="14.875"/>
  <system-out/>
</testsuite> <!-- A14_Demo.TC01_Add_Skills_Methods_Static -->
