<?xml version="1.0" encoding="UTF-8"?>
<!-- Generated by org.testng.reporters.JUnitReportReporter -->
<testsuite hostname="DESKTOP-DC3TDDU" failures="0" tests="1" name="Day_39_Date_Time_Picker.Date_Picker" time="41.960" errors="0" timestamp="2021-10-12T09:06:21 IST" skipped="0">
  <testcase classname="Day_39_Date_Time_Picker.Date_Picker" name="Test2" time="41.960"/>
  <system-out/>
</testsuite> <!-- Day_39_Date_Time_Picker.Date_Picker -->
