<?xml version="1.0" encoding="UTF-8"?>
<!-- Generated by org.testng.reporters.JUnitReportReporter -->
<testsuite hostname="DESKTOP-DC3TDDU" failures="0" tests="6" name="Day_017_Priorities_Test.TC02_Without_Priority" time="49.749" errors="0" timestamp="2021-09-30T09:54:46 IST" skipped="0">
  <testcase classname="Day_017_Priorities_Test.TC02_Without_Priority" name="Test1_OpenChromeBrowser" time="5.807"/>
  <system-out/>
  <testcase classname="Day_017_Priorities_Test.TC02_Without_Priority" name="Test4_Addnatialities" time="3.076"/>
  <system-out/>
  <testcase classname="Day_017_Priorities_Test.TC02_Without_Priority" name="Test6_closebrowser" time="0.644"/>
  <system-out/>
  <testcase classname="Day_017_Priorities_Test.TC02_Without_Priority" name="Test3_Login" time="22.597"/>
  <system-out/>
  <testcase classname="Day_017_Priorities_Test.TC02_Without_Priority" name="Test5_Logout" time="14.114"/>
  <system-out/>
  <testcase classname="Day_017_Priorities_Test.TC02_Without_Priority" name="Test2_OpenOrangeHRM" time="3.511"/>
  <system-out/>
</testsuite> <!-- Day_017_Priorities_Test.TC02_Without_Priority -->
