<?xml version="1.0" encoding="UTF-8"?>
<!-- Generated by org.testng.reporters.JUnitReportReporter -->
<testsuite hostname="DESKTOP-DC3TDDU" failures="0" tests="1" name="Day_016_ParallelClasses.TC01_Add_Locations" time="33.690" errors="0" timestamp="2021-09-30T09:18:02 IST" skipped="0">
  <testcase classname="Day_016_ParallelClasses.TC01_Add_Locations" name="AddLocations" time="33.690"/>
  <system-out/>
</testsuite> <!-- Day_016_ParallelClasses.TC01_Add_Locations -->
