<?xml version="1.0" encoding="UTF-8"?>
<!-- Generated by org.testng.reporters.JUnitReportReporter -->
<testsuite hostname="DESKTOP-DC3TDDU" failures="0" tests="1" name="Day_002_Java.TC05_Login_NonStatic_Paarameters" time="13.484" errors="0" timestamp="2021-09-23T10:55:13 IST" skipped="0">
  <testcase classname="Day_002_Java.TC05_Login_NonStatic_Paarameters" name="Login_Test" time="13.484"/>
  <system-out/>
</testsuite> <!-- Day_002_Java.TC05_Login_NonStatic_Paarameters -->
