<?xml version="1.0" encoding="UTF-8"?>
<!-- Generated by org.testng.reporters.JUnitReportReporter -->
<testsuite hostname="DESKTOP-DC3TDDU" failures="0" tests="1" name="Day_029_PageObjectModel.TC01_Add_Skills" time="33.115" errors="0" timestamp="2021-10-11T10:40:37 IST" skipped="0">
  <testcase classname="Day_029_PageObjectModel.TC01_Add_Skills" name="Book_OneWay_Flight" time="33.115"/>
  <system-out/>
</testsuite> <!-- Day_029_PageObjectModel.TC01_Add_Skills -->
