<?xml version="1.0" encoding="UTF-8"?>
<!-- Generated by org.testng.reporters.JUnitReportReporter -->
<testsuite hostname="DESKTOP-DC3TDDU" failures="0" tests="1" name="Day_023_File_Upload_Download.TC02_AddPhoto_Existing_Employee" time="40.456" errors="0" timestamp="2021-10-04T10:04:34 IST" skipped="0">
  <testcase classname="Day_023_File_Upload_Download.TC02_AddPhoto_Existing_Employee" name="AddEmployee_call_allmethods" time="40.456"/>
  <system-out/>
</testsuite> <!-- Day_023_File_Upload_Download.TC02_AddPhoto_Existing_Employee -->
