<?xml version="1.0" encoding="UTF-8"?>
<!-- Generated by org.testng.reporters.JUnitReportReporter -->
<testsuite hostname="DESKTOP-DC3TDDU" failures="0" tests="1" name="Day_011_Katalon_Recorder.TC01_Test2" time="9.594" errors="0" timestamp="2021-10-21T09:04:18 IST" skipped="0">
  <testcase classname="Day_011_Katalon_Recorder.TC01_Test2" name="TC01_Report_Test" time="9.594"/>
  <system-out/>
</testsuite> <!-- Day_011_Katalon_Recorder.TC01_Test2 -->
