<?xml version="1.0" encoding="UTF-8"?>
<!-- Generated by org.testng.reporters.JUnitReportReporter -->
<testsuite hostname="DESKTOP-DC3TDDU" failures="0" tests="1" name="Day_024_Advanced_Xpaths.TC002_Relative_Xpath" time="5.924" errors="0" timestamp="2021-10-08T10:40:42 IST" skipped="0">
  <testcase classname="Day_024_Advanced_Xpaths.TC002_Relative_Xpath" name="Test1" time="5.924"/>
  <system-out/>
</testsuite> <!-- Day_024_Advanced_Xpaths.TC002_Relative_Xpath -->
