<?xml version="1.0" encoding="UTF-8"?>
<!-- Generated by org.testng.reporters.JUnitReportReporter -->
<testsuite hostname="DESKTOP-DC3TDDU" failures="0" tests="1" name="Day_002_Java.TC03_Login_Static_Paarameters" time="14.764" errors="0" timestamp="2021-09-23T10:56:47 IST" skipped="0">
  <testcase classname="Day_002_Java.TC03_Login_Static_Paarameters" name="Login_Test" time="14.764"/>
  <system-out/>
</testsuite> <!-- Day_002_Java.TC03_Login_Static_Paarameters -->
