<?xml version="1.0" encoding="UTF-8"?>
<!-- Generated by org.testng.reporters.JUnitReportReporter -->
<testsuite hostname="DESKTOP-DC3TDDU" failures="0" tests="1" name="A14_Demo.TC01_Add_Skills" time="15.484" errors="0" timestamp="2021-10-30T09:16:13 IST" skipped="0">
  <testcase classname="A14_Demo.TC01_Add_Skills" name="SkillsTest" time="15.484"/>
  <system-out/>
</testsuite> <!-- A14_Demo.TC01_Add_Skills -->
