<?xml version="1.0" encoding="UTF-8"?>
<!-- Generated by org.testng.reporters.JUnitReportReporter -->
<testsuite hostname="DESKTOP-DC3TDDU" failures="0" tests="2" name="Day_012_TestNG_Parameters.TestNG_Parameters3" time="41.680" errors="0" timestamp="2021-09-28T09:29:53 IST" skipped="0">
  <testcase classname="Day_012_TestNG_Parameters.TestNG_Parameters3" name="Login_Test" time="20.176"/>
  <system-out/>
  <testcase classname="Day_012_TestNG_Parameters.TestNG_Parameters3" name="Login_Test" time="21.504"/>
  <system-out/>
</testsuite> <!-- Day_012_TestNG_Parameters.TestNG_Parameters3 -->
