<?xml version="1.0" encoding="UTF-8"?>
<!-- Generated by org.testng.reporters.JUnitReportReporter -->
<testsuite hostname="DESKTOP-DC3TDDU" failures="0" tests="1" name="Day_003_Locators.TC01_id" time="10.391" errors="0" timestamp="2021-09-22T09:22:15 IST" skipped="0">
  <testcase classname="Day_003_Locators.TC01_id" name="Test2" time="10.391"/>
  <system-out/>
</testsuite> <!-- Day_003_Locators.TC01_id -->
