<?xml version="1.0" encoding="UTF-8"?>
<!-- Generated by org.testng.reporters.JUnitReportReporter -->
<testsuite hostname="DESKTOP-DC3TDDU" failures="0" tests="1" name="Day_026_TakeScreenShot.Test5" time="10.358" errors="0" timestamp="2021-10-09T10:10:49 IST" skipped="0">
  <testcase classname="Day_026_TakeScreenShot.Test5" name="AddNationalitiess" time="10.358"/>
  <system-out/>
</testsuite> <!-- Day_026_TakeScreenShot.Test5 -->
