<?xml version="1.0" encoding="UTF-8"?>
<!-- Generated by org.testng.reporters.JUnitReportReporter -->
<testsuite hostname="DESKTOP-DC3TDDU" failures="0" tests="2" name="Day_034_TestNG_Listeners.TestCases" time="8.910" errors="0" timestamp="2021-10-11T09:48:34 IST" skipped="0">
  <testcase classname="Day_034_TestNG_Listeners.TestCases" name="Test2" time="0.003"/>
  <system-out>
    <![CDATA[The name of the testcase Passed is :Test2]]>
  </system-out>
  <testcase classname="Day_034_TestNG_Listeners.TestCases" name="Test1" time="8.907"/>
  <system-out>
    <![CDATA[The name of the testcase Passed is :Test1]]>
  </system-out>
</testsuite> <!-- Day_034_TestNG_Listeners.TestCases -->
