<?xml version="1.0" encoding="UTF-8"?>
<!-- Generated by org.testng.reporters.JUnitReportReporter -->
<testsuite hostname="DESKTOP-DC3TDDU" failures="0" tests="1" name="Day_024_Advanced_Xpaths.TC008_Child" time="21.316" errors="0" timestamp="2021-10-09T09:05:06 IST" skipped="0">
  <testcase classname="Day_024_Advanced_Xpaths.TC008_Child" name="Test1" time="21.316"/>
  <system-out/>
</testsuite> <!-- Day_024_Advanced_Xpaths.TC008_Child -->
