<?xml version="1.0" encoding="UTF-8"?>
<!-- Generated by org.testng.reporters.JUnitReportReporter -->
<testsuite hostname="DESKTOP-DC3TDDU" failures="0" tests="2" name="Day_032_TestNG_Groups.AllTests" time="17.907" errors="0" timestamp="2021-10-11T10:05:30 IST" skipped="0">
  <testcase classname="Day_032_TestNG_Groups.AllTests" name="OrangeHRM" time="9.083"/>
  <system-out/>
  <testcase classname="Day_032_TestNG_Groups.AllTests" name="Google" time="8.824"/>
  <system-out/>
</testsuite> <!-- Day_032_TestNG_Groups.AllTests -->
